0 info it worked if it ends with ok
1 verbose cli [ 'node',
1 verbose cli   '/Users/Mohan/.meteor/packages/meteor-tool/.1.3.2_2.c9r8rg++os.osx.x86_64+web.browser+web.cordova/mt-os.osx.x86_64/dev_bundle/bin/npm',
1 verbose cli   'install',
1 verbose cli   '--save',
1 verbose cli   'main.html' ]
2 info using npm@2.14.22
3 info using node@v0.10.43
4 verbose install initial load of /Users/Mohan/api_go/apigo/package.json
5 verbose readDependencies loading dependencies from /Users/Mohan/api_go/apigo/package.json
6 silly cache add args [ 'main.html', null ]
7 verbose cache add spec main.html
8 silly cache add parsed spec { raw: 'main.html',
8 silly cache add   scope: null,
8 silly cache add   name: 'main.html',
8 silly cache add   rawSpec: '',
8 silly cache add   spec: 'latest',
8 silly cache add   type: 'tag' }
9 silly addNamed main.html@latest
10 verbose addNamed "latest" is being treated as a dist-tag for main.html
11 info addNameTag [ 'main.html', 'latest' ]
12 silly mapToRegistry name main.html
13 silly mapToRegistry using default registry
14 silly mapToRegistry registry https://registry.npmjs.org/
15 silly mapToRegistry uri https://registry.npmjs.org/main.html
16 verbose addNameTag registry:https://registry.npmjs.org/main.html not in flight; fetching
17 verbose request uri https://registry.npmjs.org/main.html
18 verbose request no auth needed
19 info attempt registry request try #1 at 11:15:33
20 verbose request id f9d431e3610e4b4b
21 http request GET https://registry.npmjs.org/main.html
22 http 404 https://registry.npmjs.org/main.html
23 verbose headers { 'content-type': 'application/json',
23 verbose headers   'cache-control': 'max-age=0',
23 verbose headers   'content-length': '2',
23 verbose headers   'accept-ranges': 'bytes',
23 verbose headers   date: 'Sun, 24 Apr 2016 16:15:33 GMT',
23 verbose headers   via: '1.1 varnish',
23 verbose headers   age: '0',
23 verbose headers   connection: 'keep-alive',
23 verbose headers   'x-served-by': 'cache-ord1737-ORD',
23 verbose headers   'x-cache': 'MISS',
23 verbose headers   'x-cache-hits': '0',
23 verbose headers   'x-timer': 'S1461514533.237033,VS0,VE40',
23 verbose headers   vary: 'Accept-Encoding' }
24 silly get cb [ 404,
24 silly get   { 'content-type': 'application/json',
24 silly get     'cache-control': 'max-age=0',
24 silly get     'content-length': '2',
24 silly get     'accept-ranges': 'bytes',
24 silly get     date: 'Sun, 24 Apr 2016 16:15:33 GMT',
24 silly get     via: '1.1 varnish',
24 silly get     age: '0',
24 silly get     connection: 'keep-alive',
24 silly get     'x-served-by': 'cache-ord1737-ORD',
24 silly get     'x-cache': 'MISS',
24 silly get     'x-cache-hits': '0',
24 silly get     'x-timer': 'S1461514533.237033,VS0,VE40',
24 silly get     vary: 'Accept-Encoding' } ]
25 verbose stack Error: Registry returned 404 for GET on https://registry.npmjs.org/main.html
25 verbose stack     at makeError (/Users/Mohan/.meteor/packages/meteor-tool/.1.3.2_2.c9r8rg++os.osx.x86_64+web.browser+web.cordova/mt-os.osx.x86_64/dev_bundle/lib/node_modules/npm/node_modules/npm-registry-client/lib/request.js:264:12)
25 verbose stack     at CachingRegistryClient.<anonymous> (/Users/Mohan/.meteor/packages/meteor-tool/.1.3.2_2.c9r8rg++os.osx.x86_64+web.browser+web.cordova/mt-os.osx.x86_64/dev_bundle/lib/node_modules/npm/node_modules/npm-registry-client/lib/request.js:242:14)
25 verbose stack     at Request._callback (/Users/Mohan/.meteor/packages/meteor-tool/.1.3.2_2.c9r8rg++os.osx.x86_64+web.browser+web.cordova/mt-os.osx.x86_64/dev_bundle/lib/node_modules/npm/node_modules/npm-registry-client/lib/request.js:172:14)
25 verbose stack     at Request.self.callback (/Users/Mohan/.meteor/packages/meteor-tool/.1.3.2_2.c9r8rg++os.osx.x86_64+web.browser+web.cordova/mt-os.osx.x86_64/dev_bundle/lib/node_modules/npm/node_modules/request/request.js:199:22)
25 verbose stack     at Request.emit (events.js:98:17)
25 verbose stack     at Request.<anonymous> (/Users/Mohan/.meteor/packages/meteor-tool/.1.3.2_2.c9r8rg++os.osx.x86_64+web.browser+web.cordova/mt-os.osx.x86_64/dev_bundle/lib/node_modules/npm/node_modules/request/request.js:1036:10)
25 verbose stack     at Request.emit (events.js:117:20)
25 verbose stack     at IncomingMessage.<anonymous> (/Users/Mohan/.meteor/packages/meteor-tool/.1.3.2_2.c9r8rg++os.osx.x86_64+web.browser+web.cordova/mt-os.osx.x86_64/dev_bundle/lib/node_modules/npm/node_modules/request/request.js:963:12)
25 verbose stack     at IncomingMessage.emit (events.js:117:20)
25 verbose stack     at _stream_readable.js:944:16
26 verbose statusCode 404
27 verbose pkgid main.html
28 verbose cwd /Users/Mohan/api_go/apigo
29 error Darwin 15.0.0
30 error argv "node" "/Users/Mohan/.meteor/packages/meteor-tool/.1.3.2_2.c9r8rg++os.osx.x86_64+web.browser+web.cordova/mt-os.osx.x86_64/dev_bundle/bin/npm" "install" "--save" "main.html"
31 error node v0.10.43
32 error npm  v2.14.22
33 error code E404
34 error 404 Registry returned 404 for GET on https://registry.npmjs.org/main.html
34 error 404
34 error 404 'main.html' is not in the npm registry.
34 error 404 You should bug the author to publish it (or use the name yourself!)
34 error 404 It was specified as a dependency of 'apigo'
34 error 404
34 error 404 Note that you can also install from a
34 error 404 tarball, folder, http url, or git url.
35 verbose exit [ 1, true ]
